\BOOKMARK [1][-]{section.1}{\376\377\000I\000n\000t\000r\000o\000d\000u\000z\000i\000o\000n\000e}{}% 1
\BOOKMARK [2][-]{subsection.1.1}{\376\377\000P\000r\000o\000b\000l\000e\000m\000i}{section.1}% 2
\BOOKMARK [2][-]{subsection.1.2}{\376\377\000L\000i\000n\000g\000u\000a\000g\000g\000i\000\040\000F\000o\000r\000m\000a\000l\000i}{section.1}% 3
\BOOKMARK [2][-]{subsection.1.3}{\376\377\000A\000u\000t\000o\000m\000i}{section.1}% 4
\BOOKMARK [1][-]{section.2}{\376\377\000L\000i\000n\000g\000u\000a\000g\000g\000i\000\040\000R\000e\000g\000o\000l\000a\000r\000i}{}% 5
\BOOKMARK [2][-]{subsection.2.1}{\376\377\000E\000s\000p\000r\000e\000s\000s\000i\000o\000n\000i\000\040\000r\000e\000g\000o\000l\000a\000r\000i}{section.2}% 6
\BOOKMARK [3][-]{subsubsection.2.1.1}{\376\377\000P\000r\000e\000c\000e\000d\000e\000n\000z\000a}{subsection.2.1}% 7
\BOOKMARK [2][-]{subsection.2.2}{\376\377\000C\000o\000n\000v\000e\000r\000s\000i\000o\000n\000e\000\040\000p\000e\000r\000\040\000e\000l\000i\000m\000i\000n\000a\000z\000i\000o\000n\000e\000\040\000d\000i\000\040\000s\000t\000a\000t\000i}{section.2}% 8
\BOOKMARK [3][-]{subsubsection.2.2.1}{\376\377\000D\000a\000\040\000N\000F\000A\000\040\000a\000\040\000G\000N\000F\000A}{subsection.2.2}% 9
\BOOKMARK [2][-]{subsection.2.3}{\376\377\000D\000e\000f\000i\000n\000i\000z\000i\000o\000n\000e\000\040\000f\000o\000r\000m\000a\000l\000e\000\040\000d\000i\000\040\000G\000N\000F\000A}{section.2}% 10
\BOOKMARK [3][-]{subsubsection.2.3.1}{\376\377\000C\000o\000m\000p\000u\000t\000a\000z\000i\000o\000n\000e\000\040\000d\000i\000\040\000u\000n\000\040\000G\000N\000F\000A}{subsection.2.3}% 11
\BOOKMARK [1][-]{section.3}{\376\377\000L\000i\000n\000g\000u\000a\000g\000g\000i\000\040\000N\000o\000n\000\040\000R\000e\000g\000o\000l\000a\000r\000i}{}% 12
\BOOKMARK [2][-]{subsection.3.1}{\376\377\000S\000B\000R\000O\000D\000E\000G\000H\000I}{section.3}% 13
\BOOKMARK [3][-]{subsubsection.3.1.1}{\376\377\000P\000r\000o\000p\000r\000i\000e\000t\000\340\000\040\000d\000e\000i\000\040\000l\000i\000n\000g\000u\000a\000g\000g\000i\000\040\000r\000e\000g\000o\000l\000a\000r\000i}{subsection.3.1}% 14
\BOOKMARK [2][-]{subsection.3.2}{\376\377\000P\000u\000m\000p\000i\000n\000g\000\040\000L\000e\000m\000m\000a}{section.3}% 15
\BOOKMARK [3][-]{subsubsection.3.2.1}{\376\377\000D\000i\000m\000o\000s\000t\000r\000a\000z\000i\000o\000n\000e}{subsection.3.2}% 16
\BOOKMARK [3][-]{subsubsection.3.2.2}{\376\377\000P\000u\000m\000p\000i\000n\000g\000\040\000l\000e\000m\000m\000a\000\040\000c\000o\000m\000e\000\040\000g\000i\000o\000c\000o}{subsection.3.2}% 17
\BOOKMARK [3][-]{subsubsection.3.2.3}{\376\377\000E\000s\000i\000s\000t\000o\000n\000o\000\040\000l\000i\000n\000g\000u\000a\000g\000g\000i\000\040\000n\000o\000n\000\040\000r\000e\000g\000o\000l\000a\000r\000i\000\040\000c\000h\000e\000\040\000r\000i\000s\000p\000e\000t\000t\000a\000n\000o\000\040\000i\000l\000\040\000P\000u\000m\000p\000i\000n\000g\000\040\000L\000e\000m\000m\000a}{subsection.3.2}% 18
\BOOKMARK [1][-]{section.4}{\376\377\000L\000i\000n\000g\000u\000a\000g\000g\000i\000\040\000C\000o\000n\000t\000e\000x\000t\000-\000F\000r\000e\000e}{}% 19
\BOOKMARK [2][-]{subsection.4.1}{\376\377\000G\000r\000a\000m\000m\000a\000t\000i\000c\000h\000e\000\040\000C\000o\000n\000t\000e\000x\000t\000-\000f\000r\000e\000e}{section.4}% 20
\BOOKMARK [2][-]{subsection.4.2}{\376\377\000A\000l\000b\000e\000r\000o\000\040\000s\000i\000n\000t\000a\000t\000t\000i\000c\000o}{section.4}% 21
\BOOKMARK [2][-]{subsection.4.3}{\376\377\000U\000n\000a\000\040\000g\000r\000a\000m\000m\000a\000t\000i\000c\000a\000\040\000p\000e\000r\000\040\000l\040\031\000i\000n\000g\000l\000e\000s\000e}{section.4}% 22
\BOOKMARK [2][-]{subsection.4.4}{\376\377\000D\000e\000f\000i\000n\000i\000z\000i\000o\000n\000e\000\040\000d\000i\000\040\000g\000r\000a\000m\000m\000a\000t\000i\000c\000a\000\040\000c\000o\000n\000t\000e\000x\000t\000-\000f\000r\000e\000e}{section.4}% 23
\BOOKMARK [2][-]{subsection.4.5}{\376\377\000E\000s\000e\000m\000p\000i}{section.4}% 24
\BOOKMARK [3][-]{subsubsection.4.5.1}{\376\377\000P\000a\000r\000e\000n\000t\000e\000s\000i}{subsection.4.5}% 25
\BOOKMARK [3][-]{subsubsection.4.5.2}{\376\377\000O\000p\000e\000r\000a\000z\000i\000o\000n\000i\000\040\000a\000r\000i\000t\000m\000e\000t\000i\000c\000h\000e}{subsection.4.5}% 26
\BOOKMARK [2][-]{subsection.4.6}{\376\377\000C\000o\000m\000e\000\040\000s\000i\000\040\000p\000r\000o\000g\000e\000t\000t\000a\000\040\000u\000n\000a\000\040\000g\000r\000a\000m\000m\000a\000t\000i\000c\000a\000\040\000c\000o\000n\000t\000e\000x\000t\000-\000f\000r\000e\000e}{section.4}% 27
\BOOKMARK [2][-]{subsection.4.7}{\376\377\000F\000o\000r\000m\000a\000\040\000n\000o\000r\000m\000a\000l\000e\000\040\000d\000i\000\040\000C\000h\000o\000m\000s\000k\000y}{section.4}% 28
\BOOKMARK [3][-]{subsubsection.4.7.1}{\376\377\000A\000m\000b\000i\000g\000u\000i\000t\000\340}{subsection.4.7}% 29
\BOOKMARK [3][-]{subsubsection.4.7.2}{\376\377\000D\000e\000f\000i\000n\000i\000z\000i\000o\000n\000e\000\040\000d\000e\000l\000l\000a\000\040\000f\000o\000r\000m\000a\000\040\000n\000o\000r\000m\000a\000l\000e\000\040\000d\000i\000\040\000C\000h\000o\000m\000s\000k\000y}{subsection.4.7}% 30
\BOOKMARK [3][-]{subsubsection.4.7.3}{\376\377\000C\000o\000m\000e\000\040\000p\000a\000s\000s\000a\000r\000e\000\040\000a\000d\000\040\000u\000n\000a\000\040\000f\000o\000r\000m\000a\000\040\000n\000o\000r\000m\000a\000l\000e\000\040\000d\000i\000\040\000C\000h\000o\000m\000s\000k\000y}{subsection.4.7}% 31
\BOOKMARK [1][-]{section.5}{\376\377\000A\000u\000t\000o\000m\000i\000\040\000a\000\040\000P\000i\000l\000a}{}% 32
\BOOKMARK [2][-]{subsection.5.1}{\376\377\000D\000e\000f\000i\000n\000i\000z\000i\000o\000n\000e\000\040\000d\000i\000\040\000P\000D\000A}{section.5}% 33
\BOOKMARK [2][-]{subsection.5.2}{\376\377\000C\000o\000m\000p\000u\000t\000a\000z\000i\000o\000n\000e\000\040\000e\000\040\000l\000i\000n\000g\000u\000a\000g\000g\000i\000\040\000d\000i\000\040\000u\000n\000\040\000P\000D\000A}{section.5}% 34
\BOOKMARK [2][-]{subsection.5.3}{\376\377\000A\000c\000c\000e\000t\000t\000a\000z\000i\000o\000n\000e\000\040\000p\000e\000r\000\040\000p\000i\000l\000a\000\040\000v\000u\000o\000t\000a}{section.5}% 35
\BOOKMARK [3][-]{subsubsection.5.3.1}{\376\377\000R\000a\000p\000p\000r\000e\000s\000e\000n\000t\000a\000r\000e\000\040\000l\000e\000\040\000s\000t\000r\000i\000n\000g\000h\000e\000\040\000i\000n\000t\000e\000r\000m\000e\000d\000i\000e}{subsection.5.3}% 36
\BOOKMARK [2][-]{subsection.5.4}{\376\377\000D\000e\000f\000i\000n\000i\000z\000i\000o\000n\000e\000\040\000i\000n\000f\000o\000r\000m\000a\000l\000e\000\040\000d\000e\000l\000\040\000P\000D\000A}{section.5}% 37
\BOOKMARK [2][-]{subsection.5.5}{\376\377\000N\000o\000t\000a\000z\000i\000o\000n\000e\000\040\000c\000o\000m\000p\000a\000t\000t\000a}{section.5}% 38
\BOOKMARK [2][-]{subsection.5.6}{\376\377\000D\000i\000m\000o\000s\000t\000r\000a\000z\000i\000o\000n\000e}{section.5}% 39
\BOOKMARK [2][-]{subsection.5.7}{\376\377\000D\000a\000\040\000P\000D\000A\000\040\000a\000\040\000g\000r\000a\000m\000m\000a\000t\000i\000c\000a\000\040\000C\000o\000n\000t\000e\000x\000t\000-\000F\000r\000e\000e}{section.5}% 40
\BOOKMARK [1][-]{section.6}{\376\377\000M\000a\000c\000c\000h\000i\000n\000e\000\040\000d\000i\000\040\000T\000u\000r\000i\000n\000g}{}% 41
\BOOKMARK [2][-]{subsection.6.1}{\376\377\000L\000a\000\040\000T\000e\000s\000i\000\040\000d\000i\000\040\000C\000h\000u\000r\000c\000h\000-\000T\000u\000r\000i\000n\000g}{section.6}% 42
\BOOKMARK [2][-]{subsection.6.2}{\376\377\000M\000a\000c\000c\000h\000i\000n\000a\000\040\000d\000i\000\040\000T\000u\000r\000i\000n\000g}{section.6}% 43
\BOOKMARK [2][-]{subsection.6.3}{\376\377\000P\000r\000i\000m\000o\000\040\000e\000s\000e\000m\000p\000i\000o\000\040\000d\000i\000\040\000T\000M}{section.6}% 44
\BOOKMARK [2][-]{subsection.6.4}{\376\377\000A\000u\000t\000o\000m\000i\000\040\000f\000i\000n\000i\000t\000i\000\040\000v\000s\000\040\000M\000a\000c\000c\000h\000i\000n\000e\000\040\000d\000i\000\040\000T\000u\000r\000i\000n\000g}{section.6}% 45
\BOOKMARK [2][-]{subsection.6.5}{\376\377\000D\000e\000f\000i\000n\000i\000z\000i\000o\000n\000e\000\040\000f\000o\000r\000m\000a\000l\000e}{section.6}% 46
\BOOKMARK [2][-]{subsection.6.6}{\376\377\000C\000o\000n\000f\000i\000g\000u\000r\000a\000z\000i\000o\000n\000i}{section.6}% 47
\BOOKMARK [2][-]{subsection.6.7}{\376\377\000C\000o\000m\000p\000u\000t\000a\000z\000i\000o\000n\000e}{section.6}% 48
\BOOKMARK [2][-]{subsection.6.8}{\376\377\000L\000i\000n\000g\000u\000a\000g\000g\000i\000\040\000T\000u\000r\000i\000n\000g\000-\000r\000i\000c\000o\000n\000o\000s\000c\000i\000b\000i\000l\000i}{section.6}% 49
\BOOKMARK [2][-]{subsection.6.9}{\376\377\000L\000i\000n\000g\000u\000a\000g\000g\000i\000\040\000T\000u\000r\000i\000n\000g\000-\000d\000e\000c\000i\000d\000i\000b\000i\000l\000i}{section.6}% 50
\BOOKMARK [2][-]{subsection.6.10}{\376\377\000E\000s\000e\000m\000p\000i}{section.6}% 51
\BOOKMARK [3][-]{subsubsection.6.10.1}{\376\377\000E\000s\000e\000m\000p\000i\000o\000\040\0001}{subsection.6.10}% 52
\BOOKMARK [3][-]{subsubsection.6.10.2}{\376\377\000E\000s\000e\000m\000p\000i\000o\000\040\0002}{subsection.6.10}% 53
\BOOKMARK [3][-]{subsubsection.6.10.3}{\376\377\000E\000s\000e\000m\000p\000i\000o\000\040\0003}{subsection.6.10}% 54
\BOOKMARK [3][-]{subsubsection.6.10.4}{\376\377\000E\000s\000e\000m\000p\000i\000o\000\040\0004}{subsection.6.10}% 55
\BOOKMARK [2][-]{subsection.6.11}{\376\377\000C\000o\000n\000c\000l\000u\000s\000i\000o\000n\000i}{section.6}% 56
\BOOKMARK [1][-]{section.7}{\376\377\000V\000a\000r\000i\000a\000n\000t\000i\000\040\000d\000i\000\040\000M\000a\000c\000c\000h\000i\000n\000e\000\040\000d\000i\000\040\000T\000u\000r\000i\000n\000g}{}% 57
\BOOKMARK [2][-]{subsection.7.1}{\376\377\000M\000a\000c\000c\000h\000i\000n\000e\000\040\000a\000\040\000n\000a\000s\000t\000r\000o\000\040\000s\000e\000m\000i\000-\000i\000n\000f\000i\000n\000i\000t\000o}{section.7}% 58
\BOOKMARK [2][-]{subsection.7.2}{\376\377\000M\000a\000c\000c\000h\000i\000n\000e\000\040\000M\000u\000l\000t\000i\000n\000a\000s\000t\000r\000o}{section.7}% 59
\BOOKMARK [2][-]{subsection.7.3}{\376\377\000M\000a\000c\000c\000h\000i\000n\000e\000\040\000n\000o\000n\000\040\000d\000e\000t\000e\000r\000m\000i\000n\000i\000s\000t\000i\000c\000h\000e}{section.7}% 60
\BOOKMARK [2][-]{subsection.7.4}{\376\377\000C\000o\000m\000e\000\040\000f\000u\000n\000z\000i\000o\000n\000a\000\040\000i\000l\000\040\000t\000e\000r\000z\000o\000\040\000n\000a\000s\000t\000r\000o\000\040}{section.7}% 61
\BOOKMARK [2][-]{subsection.7.5}{\376\377\000C\000o\000m\000e\000\040\000f\000u\000n\000z\000i\000o\000n\000a\000\040\000D}{section.7}% 62
\BOOKMARK [2][-]{subsection.7.6}{\376\377\000C\000o\000n\000c\000l\000u\000s\000i\000o\000n\000e}{section.7}% 63
\BOOKMARK [2][-]{subsection.7.7}{\376\377\000E\000n\000u\000m\000e\000r\000a\000t\000o\000r\000i}{section.7}% 64
\BOOKMARK [2][-]{subsection.7.8}{\376\377\000E\000q\000u\000i\000v\000a\000l\000e\000n\000z\000a}{section.7}% 65
\BOOKMARK [2][-]{subsection.7.9}{\376\377\000M\000a\000c\000c\000h\000i\000n\000e\000\040\000d\000i\000\040\000T\000u\000r\000i\000n\000g\000\040\000m\000o\000n\000o\000d\000i\000r\000e\000z\000i\000o\000n\000a\000l\000i}{section.7}% 66
\BOOKMARK [2][-]{subsection.7.10}{\376\377\000E\000q\000u\000i\000v\000a\000l\000e\000n\000z\000a\000\040\000c\000o\000n\000\040\000a\000l\000t\000r\000i\000\040\000m\000o\000d\000e\000l\000l\000i}{section.7}% 67
\BOOKMARK [1][-]{section.8}{\376\377\000V\000a\000r\000i\000a\000n\000t\000i\000\040\000d\000i\000\040\000M\000a\000c\000c\000h\000i\000n\000e\000\040\000d\000i\000\040\000T\000u\000r\000i\000n\000g}{}% 68
\BOOKMARK [2][-]{subsection.8.1}{\376\377\000C\000o\000s\000'\000\350\000\040\000u\000n\000\040\000a\000l\000g\000o\000r\000i\000t\000m\000o}{section.8}% 69
\BOOKMARK [3][-]{subsubsection.8.1.1}{\376\377\000T\000e\000s\000i\000\040\000d\000i\000\040\000C\000h\000u\000r\000c\000h\000-\000T\000u\000r\000i\000n\000g}{subsection.8.1}% 70
\BOOKMARK [3][-]{subsubsection.8.1.2}{\376\377\000I\000l\000\040\000d\000e\000c\000i\000m\000o\000\040\000p\000r\000o\000b\000l\000e\000m\000a\000\040\000d\000i\000\040\000H\000i\000l\000b\000e\000r\000t\000\040}{subsection.8.1}% 71
\BOOKMARK [2][-]{subsection.8.2}{\376\377\000C\000o\000m\000e\000\040\000d\000e\000s\000c\000r\000i\000v\000e\000r\000e\000\040\000u\000n\000a\000\040\000T\000u\000r\000i\000n\000g\000\040\000M\000a\000c\000h\000i\000n\000e}{section.8}% 72
\BOOKMARK [3][-]{subsubsection.8.2.1}{\376\377\000N\000o\000t\000a\000z\000i\000o\000n\000e\000\040\000f\000o\000r\000m\000a\000l\000e\000\040\000p\000e\000r\000\040\000m\000a\000c\000c\000h\000i\000n\000e\000\040\000d\000i\000\040\000T\000u\000r\000i\000n\000g}{subsection.8.2}% 73
\BOOKMARK [1][-]{section.9}{\376\377\000L\000i\000n\000g\000u\000a\000g\000g\000i\000\040\000d\000e\000c\000i\000d\000i\000b\000i\000l\000i}{}% 74
\BOOKMARK [2][-]{subsection.9.1}{\376\377\000P\000r\000o\000b\000l\000e\000m\000i\000\040\000s\000u\000i\000\040\000l\000i\000n\000g\000u\000a\000g\000g\000i\000\040\000r\000e\000g\000o\000l\000a\000r\000i}{section.9}% 75
\BOOKMARK [3][-]{subsubsection.9.1.1}{\376\377\000P\000r\000o\000b\000l\000e\000m\000a\000\040\000d\000e\000l\000l\000'\000a\000c\000c\000e\000t\000t\000a\000z\000i\000o\000n\000e}{subsection.9.1}% 76
\BOOKMARK [2][-]{subsection.9.2}{\376\377\000T\000e\000s\000t\000\040\000d\000e\000l\000\040\000v\000u\000o\000t\000o}{section.9}% 77
\BOOKMARK [2][-]{subsection.9.3}{\376\377\000E\000D\000F\000A\000\040\000\350\000\040\000d\000e\000c\000i\000d\000i\000b\000i\000l\000e}{section.9}% 78
\BOOKMARK [2][-]{subsection.9.4}{\376\377\000T\000e\000s\000t\000\040\000d\000i\000\040\000e\000q\000u\000i\000v\000a\000l\000e\000n\000z\000a}{section.9}% 79
\BOOKMARK [2][-]{subsection.9.5}{\376\377\000E\000Q\000D\000F\000A\000\040\000\350\000\040\000d\000e\000c\000i\000d\000i\000b\000i\000l\000e}{section.9}% 80
\BOOKMARK [2][-]{subsection.9.6}{\376\377\000P\000r\000o\000b\000l\000e\000m\000i\000\040\000p\000e\000r\000\040\000l\000i\000n\000g\000u\000a\000g\000g\000i\000\040\000C\000o\000n\000t\000e\000x\000t\000-\000f\000r\000e\000e}{section.9}% 81
\BOOKMARK [2][-]{subsection.9.7}{\376\377\000A\000C\000F\000G\000\040\000\350\000\040\000d\000e\000c\000i\000d\000i\000b\000i\000l\000e}{section.9}% 82
\BOOKMARK [2][-]{subsection.9.8}{\376\377\000T\000e\000s\000t\000\040\000d\000e\000l\000\040\000v\000u\000o\000t\000o}{section.9}% 83
\BOOKMARK [2][-]{subsection.9.9}{\376\377\000R\000e\000l\000a\000z\000i\000o\000n\000i\000\040\000t\000r\000a\000\040\000c\000l\000a\000s\000s\000i\000\040\000d\000i\000\040\000l\000i\000n\000g\000u\000a\000g\000g\000i}{section.9}% 84
\BOOKMARK [1][-]{section.10}{\376\377\000I\000n\000d\000e\000c\000i\000d\000i\000b\000i\000l\000i\000t\000\340}{}% 85
\BOOKMARK [2][-]{subsection.10.1}{\376\377\000M\000e\000t\000o\000d\000o\000\040\000d\000e\000l\000l\000a\000\040\000d\000i\000a\000g\000o\000n\000a\000l\000i\000z\000z\000a\000z\000i\000o\000n\000e}{section.10}% 86
\BOOKMARK [2][-]{subsection.10.2}{\376\377\000E\000s\000e\000m\000p\000i\000o\000:\000\040\000n\000a\000t\000u\000r\000a\000l\000i\000\040\000v\000s\000\040\000n\000u\000m\000e\000r\000i\000\040\000p\000a\000r\000i}{section.10}% 87
\BOOKMARK [2][-]{subsection.10.3}{\376\377\000U\000n\000\040\000r\000i\000s\000u\000l\000t\000a\000t\000o\000\040\000f\000o\000n\000d\000a\000m\000e\000n\000t\000a\000l\000e}{section.10}% 88
\BOOKMARK [2][-]{subsection.10.4}{\376\377\000M\000a\000c\000c\000h\000i\000n\000a\000\040\000U\000n\000i\000v\000e\000r\000s\000a\000l\000e\000\040\000d\000i\000\040\000T\000u\000r\000i\000n\000g}{section.10}% 89
\BOOKMARK [2][-]{subsection.10.5}{\376\377\000U\000n\000\040\000l\000i\000n\000g\000u\000a\000g\000g\000i\000o\000\040\000n\000o\000n\000\040\000T\000u\000r\000i\000n\000g\000-\000r\000i\000c\000o\000n\000o\000s\000c\000i\000b\000i\000l\000e}{section.10}% 90
\BOOKMARK [2][-]{subsection.10.6}{\376\377\000A\000T\000M\000\040\000n\000o\000n\000\040\000\350\000\040\000T\000u\000r\000i\000n\000g\000-\000r\000i\000c\000o\000n\000o\000s\000c\000i\000b\000i\000l\000e}{section.10}% 91
\BOOKMARK [1][-]{section.11}{\376\377\000R\000i\000d\000u\000c\000i\000b\000i\000l\000i\000t\000\340}{}% 92
\BOOKMARK [2][-]{subsection.11.1}{\376\377\000D\000i\000m\000o\000s\000t\000r\000a\000z\000i\000o\000n\000e\000\040\000p\000e\000r\000\040\000r\000i\000d\000u\000z\000i\000o\000n\000e\000\040}{section.11}% 93
\BOOKMARK [2][-]{subsection.11.2}{\376\377\000I\000l\000\040\000p\000r\000o\000b\000l\000e\000m\000a\000\040\000d\000e\000l\000\040\000v\000u\000o\000t\000o}{section.11}% 94
\BOOKMARK [2][-]{subsection.11.3}{\376\377\000S\000t\000a\000b\000i\000l\000i\000r\000e\000\040\000s\000e\000\040\000u\000n\000\040\000l\000i\000n\000g\000u\000a\000g\000g\000i\000o\000\040\000\350\000\040\000r\000e\000g\000o\000l\000a\000r\000e}{section.11}% 95
\BOOKMARK [2][-]{subsection.11.4}{\376\377\000I\000l\000\040\000p\000r\000o\000b\000l\000e\000m\000a\000\040\000d\000e\000l\000l\000'\000e\000q\000u\000i\000v\000a\000l\000e\000n\000z\000a}{section.11}% 96
\BOOKMARK [2][-]{subsection.11.5}{\376\377\000R\000i\000d\000u\000c\000i\000b\000i\000l\000i\000t\000\340\000\040\000m\000e\000d\000i\000a\000n\000t\000e\000\040\000f\000u\000n\000z\000i\000o\000n\000e}{section.11}% 97
\BOOKMARK [2][-]{subsection.11.6}{\376\377\000P\000r\000o\000p\000r\000i\000e\000t\000\340\000\040\000d\000e\000l\000l\000e\000\040\000r\000i\000d\000u\000z\000i\000o\000n\000i}{section.11}% 98
\BOOKMARK [2][-]{subsection.11.7}{\376\377\000I\000l\000\040\000p\000r\000o\000b\000l\000e\000m\000a\000\040\000d\000e\000l\000l\000a\000\040\000f\000e\000r\000m\000a\000t\000a\000\050\0002\000\051}{section.11}% 99
\BOOKMARK [2][-]{subsection.11.8}{\376\377\000I\000l\000\040\000p\000r\000o\000b\000l\000e\000m\000a\000\040\000d\000e\000l\000l\000'\000e\000q\000u\000i\000v\000a\000l\000e\000n\000z\000a\000\050\0002\000\051}{section.11}% 100
\BOOKMARK [2][-]{subsection.11.9}{\376\377\000I\000l\000\040\000p\000r\000o\000b\000l\000e\000m\000a\000\040\000d\000e\000l\000\040\000v\000u\000o\000t\000o\000\050\0002\000\051}{section.11}% 101
\BOOKMARK [1][-]{section.12}{\376\377\000C\000o\000m\000p\000l\000e\000s\000s\000i\000t\000\340\000\040\000d\000i\000\040\000t\000e\000m\000p\000o}{}% 102
\BOOKMARK [2][-]{subsection.12.1}{\376\377\000M\000i\000s\000u\000r\000e\000\040\000d\000i\000\040\000C\000o\000m\000p\000l\000e\000s\000s\000i\000t\000\340}{section.12}% 103
\BOOKMARK [2][-]{subsection.12.2}{\376\377\000N\000o\000t\000a\000z\000i\000o\000n\000e\000\040\000O\000-\000g\000r\000a\000n\000d\000e}{section.12}% 104
\BOOKMARK [2][-]{subsection.12.3}{\376\377\000A\000n\000a\000l\000i\000s\000i\000\040\000d\000i\000\040\000c\000o\000m\000p\000l\000e\000s\000s\000i\000t\000\340}{section.12}% 105
\BOOKMARK [2][-]{subsection.12.4}{\376\377\000C\000l\000a\000s\000s\000i\000\040\000d\000i\000\040\000c\000o\000m\000p\000l\000e\000s\000s\000i\000t\000\340\000\040\000d\000i\000\040\000t\000e\000m\000p\000o}{section.12}% 106
\BOOKMARK [2][-]{subsection.12.5}{\376\377\000R\000e\000l\000a\000z\000i\000o\000n\000e\000\040\000d\000i\000\040\000c\000o\000m\000p\000l\000e\000s\000s\000i\000t\000\340\000\040\000t\000r\000a\000\040\000m\000o\000d\000e\000l\000l\000i}{section.12}% 107
\BOOKMARK [3][-]{subsubsection.12.5.1}{\376\377\000S\000i\000n\000g\000o\000l\000o\000\040\000n\000a\000s\000t\000r\000o\000\040\000v\000s\000.\000\040\000M\000u\000l\000t\000i\000n\000a\000s\000t\000r\000o}{subsection.12.5}% 108
\BOOKMARK [3][-]{subsubsection.12.5.2}{\376\377\000T\000M\000\040\000n\000o\000n\000\040\000d\000e\000t\000e\000r\000m\000i\000n\000i\000s\000t\000i\000c\000h\000e}{subsection.12.5}% 109
\BOOKMARK [3][-]{subsubsection.12.5.3}{\376\377\000D\000e\000t\000e\000r\000m\000i\000n\000i\000s\000m\000o\000\040\000v\000s\000.\000\040\000N\000o\000n\000\040\000d\000e\000t\000e\000r\000m\000i\000n\000i\000s\000m\000o}{subsection.12.5}% 110
\BOOKMARK [1][-]{section.13}{\376\377\000C\000l\000a\000s\000s\000e\000\040\000P}{}% 111
\BOOKMARK [2][-]{subsection.13.1}{\376\377\000D\000u\000e\000\040\000p\000r\000o\000b\000l\000e\000m\000i\000\040\000i\000n\000\040\000P}{section.13}% 112
\BOOKMARK [1][-]{section.14}{\376\377\000L\000a\000\040\000c\000l\000a\000s\000s\000e\000\040\000N\000P}{}% 113
\BOOKMARK [2][-]{subsection.14.1}{\376\377\000G\000i\000o\000c\000h\000i\000a\000m\000o\000\040\000a\000\040\000D\000o\000m\000i\000n\000o}{section.14}% 114
\BOOKMARK [2][-]{subsection.14.2}{\376\377\000M\000o\000s\000t\000r\000i\000a\000m\000o\000\040\000c\000h\000e\000\040\000D\000o\000m\000i\000n\000o\000[\0001\000]\000\040\000\350\000\040\000t\000r\000a\000t\000t\000a\000b\000i\000l\000e}{section.14}% 115
\BOOKMARK [2][-]{subsection.14.3}{\376\377\000U\000n\000\040\000l\000i\000n\000g\000u\000a\000g\000g\000i\000o\000\040\000e\000\040\000u\000n\000a\000\040\000r\000i\000d\000u\000z\000i\000o\000n\000e}{section.14}% 116
\BOOKMARK [2][-]{subsection.14.4}{\376\377\000D\000a\000l\000l\000e\000\040\000t\000e\000s\000s\000e\000r\000e\000\040\000a\000l\000\040\000g\000r\000a\000f\000o}{section.14}% 117
\BOOKMARK [2][-]{subsection.14.5}{\376\377\000D\000o\000m\000i\000n\000i\000o\000[\0001\000]\000\040\000\350\000\040\000u\000n\000\040\000p\000r\000o\000b\000l\000e\000m\000a\000\040\000s\000u\000\040\000g\000r\000a\000f\000i\000!}{section.14}% 118
\BOOKMARK [2][-]{subsection.14.6}{\376\377\000A\000l\000g\000o\000r\000i\000t\000m\000o\000\040\000d\000i\000\040\000F\000l\000e\000u\000r\000y}{section.14}% 119
\BOOKMARK [2][-]{subsection.14.7}{\376\377\000C\000o\000m\000p\000l\000e\000s\000s\000i\000t\000\340\000\040\000d\000i\000\040\000D\000o\000m\000i\000n\000o\000[\0001\000]}{section.14}% 120
\BOOKMARK [2][-]{subsection.14.8}{\376\377\000G\000i\000o\000c\000h\000i\000a\000m\000o\000\040\000a\000\040\000d\000o\000m\000i\000n\000o\000[\0002\000]}{section.14}% 121
\BOOKMARK [3][-]{subsubsection.14.8.1}{\376\377\000U\000n\000a\000\040\000r\000i\000d\000u\000z\000i\000o\000n\000e\000\040\000i\000n\000\040\000s\000e\000n\000s\000o\000\040\000o\000p\000p\000o\000s\000t\000o\000!}{subsection.14.8}% 122
\BOOKMARK [2][-]{subsection.14.9}{\376\377\000H\000A\000M\000I\000L\000T\000O\000N\000\040\000\350\000\040\000u\000n\000\040\000p\000r\000o\000b\000l\000e\000m\000a\000\040\000d\000i\000f\000f\000i\000c\000i\000l\000e\000!}{section.14}% 123
\BOOKMARK [2][-]{subsection.14.10}{\376\377\000P\000r\000o\000b\000l\000e\000m\000i\000\040\000t\000r\000a\000t\000t\000a\000b\000i\000l\000i\000\040\000e\000\040\000p\000r\000o\000b\000e\000m\000i\000\040\000i\000n\000t\000r\000a\000t\000t\000a\000b\000i\000l\000i}{section.14}% 124
\BOOKMARK [2][-]{subsection.14.11}{\376\377\000P\000\040\000v\000s\000\040\000N\000P}{section.14}% 125
\BOOKMARK [2][-]{subsection.14.12}{\376\377\000V\000e\000r\000i\000f\000i\000c\000a\000t\000o\000r\000i}{section.14}% 126
\BOOKMARK [2][-]{subsection.14.13}{\376\377\000P\000r\000o\000b\000l\000e\000m\000i\000\040\000P\000\040\000e\000d\000\040\000N\000P}{section.14}% 127
\BOOKMARK [3][-]{subsubsection.14.13.1}{\376\377\000D\000u\000e\000\040\000p\000r\000o\000b\000l\000e\000m\000i\000\040\000i\000n\000\040\000P}{subsection.14.13}% 128
\BOOKMARK [3][-]{subsubsection.14.13.2}{\376\377\000D\000u\000e\000\040\000p\000r\000o\000b\000l\000e\000m\000i\000\040\000i\000n\000\040\000N\000P}{subsection.14.13}% 129
